1	The scope of the discipline of statistics broadened in the early 19th century to include the collection and analysis of data in general.
deu	-137.0110636
pol	-133.2739212
swe	-138.3724978
fin	-143.2947775
dan	-138.2707925
tgl	-133.7022166
gla	-133.1290294
dut	-131.5547612
ita	-132.68832
spa	-138.644544
nob	-133.0269014
fra	-143.2947775
eng	-79.46505125
por	-139.097893
swh	-134.0288055
result	eng
2	Cé go bhfuil an chuma air nach féidir rudaí deimhneacha a rá faoi eachtraí randamacha, le coincheap na dóchúlachta, is féidir a rá cad é an seans go dtarlóidh eachtra fánach agus mar sin, is féidir cur síos a dhéanamh ar an gcóras.
deu	-250.6094555
pol	-253.9275493
swe	-265.5638335
fin	-266.5243412
dan	-256.7320182
tgl	-264.0661035
gla	-170.3780614
dut	-250.8365447
ita	-258.4815105
spa	-254.0385735
nob	-265.4298909
fra	-254.3800222
eng	-243.8798764
por	-247.492952
swh	-263.9089807
result	gla
3	Na przyklad wzrost czlowieka jest uwarunkowany ogromna iloscia czynników, takich jak genetyka, dieta, srodowisko, przy czym niektóre z nich równiez maja losowa nature. 
deu	-183.0988825
pol	-116.7844774
swe	-183.0988825
fin	-183.0988825
dan	-183.0988825
tgl	-183.0988825
gla	-178.3681909
dut	-179.167826
ita	-183.0988825
spa	-183.0988825
nob	-183.0988825
fra	-178.9066256
eng	-178.8315917
por	-178.3846201
swh	-178.4403202
result	pol
4	approccio i dati risultati da un esperimento vengono indagati attraverso metodi di sintesi al fine di formulare ipotesi riguardo la legge di probabilità sottesa 
deu	-160.9641618
pol	-168.615774
swe	-168.6803572
fin	-175.1380615
dan	-150.3723152
tgl	-170.5318866
gla	-163.6932777
dut	-160.7735248
ita	-98.48475151
spa	-152.3949674
nob	-158.5769267
fra	-162.6279796
eng	-175.1380615
por	-159.7969955
swh	-169.099288
result	ita
5	dedica a la generación de los modelos, inferencias y predicciones asociadas a los fenómenos en cuestión teniendo en cuenta lo aleatorio e incertidumbre en las observaciones. Se usa para modelar patrones en los datos 
deu	-203.9552114
pol	-217.099641
swe	-210.5197844
fin	-204.1962188
dan	-201.3404703
tgl	-208.3040017
gla	-205.2782241
dut	-200.5301419
ita	-184.1079742
spa	-133.5936356
nob	-193.0225807
fra	-192.3158185
eng	-212.6863487
por	-182.8806919
swh	-216.864214
result	spa
6	Cette distinction ne consiste pas à définir plusieurs domaines étanches. En effet, le traitement et l'interprétation des données ne peuvent se faire que lorsque celles-ci ont été récoltées. 
deu	-181.568848
pol	-214.9421665
swe	-205.1705815
fin	-198.6768697
dan	-172.1876593
tgl	-214.9421665
gla	-204.9445407
dut	-178.3561591
ita	-175.5460746
spa	-165.3774761
nob	-204.1133986
fra	-100.2425894
eng	-214.9421665
por	-170.0713138
swh	-210.7607255
result	fra
7	Porque o objetivo da estatística é a produção da melhor informação possível a partir dos dados disponíveis, alguns autores sugerem que a estatística é um ramo da teoria da decisão.
deu	-163.4319539
pol	-167.2978034
swe	-183.0988825
fin	-178.9553102
dan	-169.2908132
tgl	-177.4358028
gla	-160.518873
dut	-174.350825
ita	-161.2512183
spa	-146.6111759
nob	-177.8116419
fra	-166.8277402
eng	-176.8365032
por	-101.7931081
swh	-183.0988825
result	por
8	Door de tweeledigheid van populatie en steekproef ontstaat veel verwarring. Men dient steeds goed te onderscheiden of men over de populatie (verdeling) spreekt dan wel over de steekproef. 
deu	-169.4444353
pol	-173.8018198
swe	-156.1362587
fin	-164.88042
dan	-150.5423015
tgl	-173.0913482
gla	-172.6832569
dut	-98.16605192
ita	-173.4531855
spa	-165.2222446
nob	-155.3983555
fra	-170.1271195
eng	-159.7467786
por	-171.9009886
swh	-178.3153815
result	dut
9	Die deskriptive Statistik (auch beschreibende Statistik oder empirische Statistik): mit der vorliegende Daten in geeigneter Weise beschrieben und zusammengefasst werden. 
deu	-82.3799294
pol	-143.2947775
swe	-138.3724978
fin	-143.2947775
dan	-132.5168522
tgl	-143.2947775
gla	-137.7347822
dut	-128.1235748
ita	-136.9926772
spa	-143.2947775
nob	-138.3085668
fra	-143.2947775
eng	-136.9274208
por	-143.2947775
swh	-138.8123065
result	deu
10	Den er basert på statistisk teori som er en gren av matematikk. Innenfor statistisk teori er tilfeldighet og usikkerhet utformet ved hjelp av sannsynlighetsteori. 
deu	-137.6141907
pol	-151.2555985
swe	-115.8617927
fin	-146.274969
dan	-108.6540834
tgl	-151.2555985
gla	-145.1357409
dut	-139.1111096
ita	-146.7587204
spa	-144.7547593
nob	-97.95454761
fra	-145.0813098
eng	-151.2555985
por	-146.7937063
swh	-151.2555985
result	nob
11	Ordet statistik kan dels avse datauppgifter som ofta presenteras i numerisk form, vanligen i tabeller eller diagram, dels vetenskapen om hur dessa datauppgifter skall samlas in, utvärderas, analyseras och presenteras. 
deu	-200.6976316
pol	-200.459058
swe	-136.5002507
fin	-206.9813455
dan	-168.1374011
tgl	-206.9813455
gla	-195.251326
dut	-189.3493193
ita	-194.7114902
spa	-206.9813455
nob	-168.4888381
fra	-206.9813455
eng	-196.1298578
por	-202.5742994
swh	-202.4988745
result	swe
12	Det kan være, at det er dyrt at lave målingerne eller, at det ikke er fysisk muligt at undersøge mere end et udsnit af populationen. For eksempel er det ikke muligt at undersøge alt vandet i verdenshavene. 
deu	-197.0611929
pol	-200.459058
swe	-172.0435936
fin	-206.9813455
dan	-102.2172128
tgl	-200.4645463
gla	-190.2618021
dut	-186.4310818
ita	-196.2708072
spa	-202.2979131
nob	-135.2202292
fra	-200.5518754
eng	-191.9940025
por	-202.2762023
swh	-202.7999045
result	dan
13	Hisabati ni somo inayohusika na idadi, upimaji na ukubwa. Kwa ujumla ni somo inayohusika na miundo na vielezo. Hisabati inatimiza somo mbalimbali, kama hesabu, jiometria na aljebra.
deu	-143.2947775
pol	-136.9976041
swe	-138.0755668
fin	-143.2947775
dan	-143.2947775
tgl	-130.8614833
gla	-136.7859347
dut	-138.4921196
ita	-143.2947775
spa	-138.4671799
nob	-138.9775736
fra	-138.6416688
eng	-143.2947775
por	-137.460783
swh	-105.6654363
result	swh
14	na nanggaling ang salitang Italyano na statista, na nangangahulugang "dalubhasa sa pagpapalakad ng pamahalaan" o "pulitiko", at ang Aleman na Statistik, sa orihinal na kahulugan, ang pagpipili ng pagsusuri ng datos tungkol sa estado. 
deu	-191.0597035
pol	-169.2437317
swe	-191.0597035
fin	-191.0597035
dan	-184.4676007
tgl	-120.287297
gla	-178.8540274
dut	-186.2570456
ita	-181.4703805
spa	-177.1195141
nob	-185.2110207
fra	-186.0384387
eng	-185.4656881
por	-174.7082347
swh	-184.3007707
result	tgl
15	Aineistoa on tavallisesti mahdollista kerätä vain populaation osajoukosta, jolloin tutkimuksen kohteena on otos. Otoksesta voidaan kerätä aineistoa joko havainnoiden tai kokeellisessa asetelmassa. 
deu	-159.2164195
pol	-154.2175532
swe	-159.2164195
fin	-117.9984155
dan	-159.2164195
tgl	-159.2164195
gla	-159.2164195
dut	-159.2164195
ita	-159.2164195
spa	-159.2164195
nob	-159.2164195
fra	-154.1507011
eng	-153.1717844
por	-159.2164195
swh	-159.2164195
result	fin
16	Palikuwa pia na vipindi na utamaduni ambako wapiganaji walikuwa watu wa pekee wenye jukumu hii ama kwa sababu walipaswa kuwa askari kufuatana na sheria za nchi au kwa sababu walikodiwa kwa kazi hii.
deu	-210.7209833
pol	-203.1781489
swe	-214.9421665
fin	-214.9421665
dan	-210.7312158
tgl	-208.3403565
gla	-208.4333237
dut	-205.9549998
ita	-210.7300288
spa	-210.7900898
nob	-214.9421665
fra	-209.0492492
eng	-214.9421665
por	-204.9296408
swh	-103.0802987
result	swh
17	considera-se o estado "ideal" de guerra, ou seja, uma guerra em que prevalece a diplomacia, a estratégia e a racionalidade, não havendo inspiração de ordem emocional ou moralista. 
deu	-168.9343579
pol	-171.6946097
swe	-176.967169
fin	-174.7827517
dan	-168.0474352
tgl	-168.2064198
gla	-170.9644785
dut	-167.4296208
ita	-151.042167
spa	-144.4944494
nob	-172.4092664
fra	-158.8709836
eng	-172.8822437
por	-104.0008589
swh	-183.0988825
result	por
18	Vanaf het begin is oorlog voeren al onderworpen geweest aan wetten en reglementen, al zijn die in de loop der tijd wel veranderd. Er is met name veel nagedacht over de rechtvaardiging van een oorlog. 
deu	-209.0124984
pol	-246.7854505
swe	-225.4763189
fin	-233.3646239
dan	-210.3698137
tgl	-241.7643023
gla	-229.6434982
dut	-124.4135176
ita	-225.0700438
spa	-223.1000527
nob	-224.2070128
fra	-229.8567946
eng	-209.2288901
por	-235.5875566
swh	-242.3029795
result	dut
19	El concepto de quiénes son los combatientes también varía con el grado de organización de las sociedades enfrentadas. Las dos posibilidades más frecuentes son civiles sacados de la población general, generalmente varones jóvenes, 
deu	-220.7823551
pol	-230.8638085
swe	-224.732095
fin	-226.6912501
dan	-219.7700427
tgl	-218.0282506
gla	-219.8839115
dut	-219.0948128
ita	-208.8738807
spa	-130.8927245
nob	-220.2411392
fra	-212.2490447
eng	-222.2795909
por	-213.2964675
swh	-224.825035
result	spa
20	Bhris an cogadh amach sa bhliain 1775 nuair a ghlac na réabhlóidithe seilbh ar na rialtais i ngach coilíneacht agus chuireadar an Dara Chomhdháil Ilchríochach agus an tArm Ilchríochach nua ar bun. 
deu	-197.0347746
pol	-182.7125335
swe	-200.5236412
fin	-202.8377732
dan	-196.2700283
tgl	-193.5368234
gla	-119.6063185
dut	-198.0143587
ita	-190.5843396
spa	-200.5951016
nob	-200.3256852
fra	-192.0965274
eng	-195.1520661
por	-194.4914061
swh	-200.2224127
result	gla
21	la guerre économique pouvant alors, sous une apparence plus socialement et éthiquement acceptable, satisfaire d'autres appétits de pouvoirs que ceux qui animaient les auteurs des guerres ethniques, de religions, de classe, 
deu	-187.9185979
pol	-230.8638085
swe	-224.732095
fin	-226.6912501
dan	-187.0911445
tgl	-225.8426603
gla	-225.0539357
dut	-187.9373616
ita	-187.4274371
spa	-183.8742163
nob	-214.4565738
fra	-142.1177332
eng	-222.8176358
por	-186.1123427
swh	-220.643594
result	fra
22	Kriget framträder antingen som försvarskrig, till avvärjande av framställda anspråk, som ej kan godtas, eller anfallskrig, som avser att framtvinga sådana anspråks godkännande: 
deu	-167.1772405
pol	-167.1772405
swe	-113.7931431
fin	-167.1772405
dan	-149.8201023
tgl	-167.1772405
gla	-167.1772405
dut	-161.7185292
ita	-167.1772405
spa	-167.1772405
nob	-143.7969408
fra	-167.1772405
eng	-167.1772405
por	-167.1772405
swh	-167.1772405
result	swe
23	Karamihan sa mga isla dito ay mabundok, at ang iba ay may mga bulkan, kabilang na ang pinakamataas na bahagi ng bansa, Ang Hapon ay pangsampu sa may pinakamalaking populasyon, na may 128 milyong katao. 
deu	-206.9813455
pol	-190.7663
swe	-206.9813455
fin	-206.9813455
dan	-200.3892427
tgl	-86.90345756
gla	-194.7756694
dut	-202.1786876
ita	-202.73495
spa	-206.9813455
nob	-201.1326627
fra	-201.9600807
eng	-196.5422691
por	-196.9462441
swh	-200.2224127
result	tgl
24	For a state to prosecute a war it must have the support of its leadership, its military forces, and the population. For example, in the 
deu	-143.5062457
pol	-143.3922167
swe	-154.2941398
fin	-155.0728472
dan	-139.7149977
tgl	-149.6238586
gla	-142.7261402
dut	-143.3120743
ita	-142.0686812
spa	-152.8301756
nob	-148.8236046
fra	-144.9479108
eng	-61.5106926
por	-152.5604746
swh	-149.9504475
result	eng
25	Si giunge alla guerra quando il contrasto di interessi economici, ideologici, strategici o di altra natura non riesce a trovare una soluzione negoziata, o quando almeno una delle parti percepisce l'inesistenza di altri mezzi per il conseguimento 
deu	-238.4215654
pol	-230.8874614
swe	-237.2001828
fin	-242.6418782
dan	-238.5577758
tgl	-227.321575
gla	-240.4609193
dut	-234.2982849
ita	-137.708112
spa	-216.0651082
nob	-242.6443379
fra	-221.2206559
eng	-236.4998913
por	-220.4831149
swh	-246.7854505
result	ita
26	Krig kan defineres som, erklærede fjendtlige handlinger mellem to eller flere lande eller stater. Årsagerne til krig kan være mange, for eksempel: ønske om at udvide landet, 
deu	-199.0205245
pol	-193.2715357
swe	-166.6975968
fin	-199.0205245
dan	-100.347854
tgl	-192.5037253
gla	-199.0205245
dut	-187.6985659
ita	-199.0205245
spa	-199.0205245
nob	-122.3208976
fra	-199.0205245
eng	-180.7903551
por	-194.5343741
swh	-199.0205245
result	dan
27	Wojna jest zjawiskiem spoleczno-politycznym i jako takie jest obecna w historii czlowieka od poczatków jego spolecznej organizacji. Zasieg wojny jest zalezny od stopnia rozwoju technologicznego.
deu	-175.1380615
pol	-110.5402771
swe	-168.6803572
fin	-175.1380615
dan	-168.6439365
tgl	-175.1380615
gla	-168.9680373
dut	-175.1380615
ita	-169.1703065
spa	-175.1380615
nob	-168.4824012
fra	-175.1380615
eng	-175.1380615
por	-175.1380615
swh	-175.1380615
result	pol
28	Während individuelles oder kollektives Rauben und absichtliches Töten von Menschen heute generell als Verbrechen gilt und in einem Rechtsstaat strafbar ist, wird "Krieg" nicht als gewöhnliche Kriminalität betrachtet,
deu	-127.3184965
pol	-206.9813455
swe	-202.0590658
fin	-206.9813455
dan	-206.9813455
tgl	-206.9813455
gla	-201.4213502
dut	-195.026151
ita	-200.6792452
spa	-206.9813455
nob	-206.9813455
fra	-206.9813455
eng	-200.6139888
por	-206.9813455
swh	-202.4988745
result	deu
29	Tavoitteellisuus tekee sodasta poliittista toimintaa. Jos tavoitteisiin päästään neuvottelemalla tai sodan uhalla, ei kalliiseen taisteluun ole tarvetta. Vihollisen taistelukyky voidaan poistaa tappamalla ja vangitsemalla sen johtajat ja riisumalla sen armeija aseista. 
deu	-226.0455984
pol	-226.4670022
swe	-226.7345395
fin	-168.2128016
dan	-226.7505543
tgl	-230.8638085
gla	-230.8638085
dut	-230.8638085
ita	-230.8638085
spa	-230.8638085
nob	-226.5466046
fra	-230.8638085
eng	-230.8638085
por	-230.8638085
swh	-230.8638085
result	fin
30	Fysisk styrke og våpen har i uminnelige tider vært brukt som et maktmiddel i konflikter mellom mennesker. Et organisert militærvesen av et eller annet slag har derfor vært et viktig del av maktapparatet 
deu	-210.1869249
pol	-208.419879
swe	-170.6803555
fin	-214.9421665
dan	-154.9182731
tgl	-214.9421665
gla	-208.7721423
dut	-210.2527697
ita	-198.1103782
spa	-204.1164717
nob	-114.6983207
fra	-203.7915299
eng	-214.9421665
por	-210.2370233
swh	-210.7607255
result	nob
